2017-04-21T22:30:44 Checking update-file '/usr/share/kde4/apps/kconf_update/disable_kmix.upd' for new updates
2017-04-21T22:30:44 disable_kmix.upd: Found new update 'PlasmaVolume_DisableKMixAutostart'
2017-04-21T22:30:44 disable_kmix.upd: Running script 'plasmaVolumeDisableKMixAutostart.pl'
2017-04-21T22:30:44 Checking update-file '/usr/share/kde4/apps/kconf_update/kubuntu-fix-kwin-default-size.upd' for new updates
2017-04-21T22:30:44 kubuntu-fix-kwin-default-size.upd: Found new update 'kubuntu-fix-kwin-default-size'
2017-04-21T22:30:44 kubuntu-fix-kwin-default-size.upd: File 'kwinrulesrc' does not exist or empty, skipping
2017-04-21T22:30:44 Checking update-file '/usr/share/kde4/apps/kconf_update/kubuntu-update-kickoff2.upd' for new updates
2017-04-21T22:30:44 kubuntu-update-kickoff2.upd: Found new update 'kubuntu-update-kickoff'
2017-04-21T22:30:44 kubuntu-update-kickoff2.upd: Skipping kickoffrc:Favorites:FavoriteURLs, already exists.
2017-04-21T22:30:44 kubuntu-update-kickoff2.upd: Running script 'kubuntu-update-kickoff2.sh'
2017-04-21T22:30:44 Checking update-file '/usr/share/kde4/apps/kconf_update/kdeui.upd' for new updates
2017-04-21T22:30:44 kdeui.upd: Found new update 'kde4/migrate_from_kde3_icon_theme'
2017-04-21T22:30:44 kdeui.upd: Running script 'migrate_from_kde3_icon_theme'
2017-04-21T22:30:44 Checking update-file '/usr/share/kde4/apps/kconf_update/ksslcertificatemanager.upd' for new updates
2017-04-21T22:30:44 ksslcertificatemanager.upd: Found new update 'kde4.2'
2017-04-21T22:30:44 ksslcertificatemanager.upd: Running script 'ksslcertificatemanager.upd.sh'
2017-04-21T22:30:44 [Script] rm: cannot remove '/home/akbkuku/.kde//share/config/ksslcertificatemanager': No such file or directory
2017-04-21T22:30:44 ksslcertificatemanager.upd: !! An error occurred while running 'sh /usr/share/kde4/apps/kconf_update/ksslcertificatemanager.upd.sh'
2017-04-21T22:30:44 Checking update-file '/usr/share/kde4/apps/kconf_update/devicepreference.upd' for new updates
2017-04-21T22:30:44 devicepreference.upd: Found new update 'DevicesMovedToPlatformPlugin'
2017-04-21T22:30:44 devicepreference.upd: Running script 'phonon_devicepreference_update'
2017-04-21T22:30:44 devicepreference.upd: Found new update 'DevicesUIDsChanged'
2017-04-21T22:30:44 devicepreference.upd: Running script 'phonon_deviceuids_update'
2017-04-21T22:30:44 Checking update-file '/usr/share/kde4/apps/kconf_update/kioslave.upd' for new updates
2017-04-21T22:30:44 kioslave.upd: Found new update 'kde2.2/r1'
2017-04-21T22:30:44 kioslave.upd: File 'kioslaverc' does not exist or empty, skipping
2017-04-21T22:30:44 kioslave.upd: Skipping update 'kde2.2/r1'
2017-04-21T22:30:44 kioslave.upd: File 'kioslaverc' does not exist or empty, skipping
2017-04-21T22:30:44 kioslave.upd: Found new update 'kde2.2/r2'
2017-04-21T22:30:44 kioslave.upd: File 'kioslaverc' does not exist or empty, skipping
2017-04-21T22:30:44 kioslave.upd: Found new update 'kde2.2/r3'
2017-04-21T22:30:44 kioslave.upd: File 'kioslaverc' does not exist or empty, skipping
2017-04-21T22:30:44 Checking update-file '/usr/share/kde4/apps/kconf_update/drkonqi-rename-config-section.upd' for new updates
2017-04-21T22:30:44 drkonqi-rename-config-section.upd: Found new update 'kde-4.11'
2017-04-21T22:30:44 drkonqi-rename-config-section.upd: File 'drkonqirc' does not exist or empty, skipping
2017-04-21T22:30:44 Checking update-file '/usr/share/kde4/apps/kconf_update/kwallet-4.13.upd' for new updates
2017-04-21T22:30:44 kwallet-4.13.upd: Found new update 'kde4.13'
2017-04-21T22:30:44 Checking update-file '/usr/share/kde4/apps/kconf_update/kate-2.4.upd' for new updates
2017-04-21T22:30:44 kate-2.4.upd: Found new update 'kate2.4'
2017-04-21T22:30:44 Checking update-file '/usr/share/kde4/apps/kconf_update/kio_help.upd' for new updates
2017-04-21T22:30:44 kio_help.upd: Found new update 'kde3_2'
2017-04-21T22:30:44 kio_help.upd: Running script 'move_kio_help_cache.sh'
2017-04-21T22:30:44 [Script] mv: cannot stat '/home/akbkuku/.kde/share/apps/kio_help/cache': No such file or directory
2017-04-21T22:30:44 [Script] rmdir: failed to remove '/home/akbkuku/.kde/share/apps/kio_help': No such file or directory
2017-04-21T22:30:44 Checking update-file '/usr/share/kde4/apps/kconf_update/kded.upd' for new updates
2017-04-21T22:30:44 kded.upd: Found new update 'kde3.0'
2017-04-21T22:30:44 Checking update-file '/usr/share/kde4/apps/kconf_update/kuriikwsfilter.upd' for new updates
2017-04-21T22:30:44 kuriikwsfilter.upd: Found new update 'post-kde3.1/cvs'
2017-04-21T22:30:45 kuriikwsfilter.upd: Found new update 'pre-kde4.9'
2017-04-21T22:30:45 kuriikwsfilter.upd: Skipping kuriikwsfilterrc:General:DefaultWebShortcut, already exists.
2017-04-21T22:30:45 Checking update-file '/usr/share/kde4/apps/kconf_update/amarok.upd' for new updates
2017-04-21T22:30:45 amarok.upd: Found new update '1'
2017-04-21T22:30:45 amarok.upd: Running script 'amarok-2.4.1-tokens_syntax_update.pl'
2017-04-21T22:30:45 Checking update-file '/usr/share/kde4/apps/kconf_update/kcookiescfg.upd' for new updates
2017-04-21T22:30:45 kcookiescfg.upd: Found new update 'kde2.2/b1'
2017-04-21T22:30:45 kcookiescfg.upd: File 'kcookiejarrc' does not exist or empty, skipping
2017-04-21T22:30:45 kcookiescfg.upd: Found new update 'kde3.1/cvs'
2017-04-21T22:30:45 kcookiescfg.upd: File 'kcookiejarrc' does not exist or empty, skipping
2017-04-21T22:30:45 kcookiescfg.upd: Found new update 'kde4.10/git'
2017-04-21T22:30:45 kcookiescfg.upd: File 'kcookiejarrc' does not exist or empty, skipping
2017-05-15T07:54:26 Checking update-file '/usr/share/kde4/apps/kconf_update/kdeui.upd' for new updates
2017-05-15T07:54:26 Checking update-file '/usr/share/kde4/apps/kconf_update/ksslcertificatemanager.upd' for new updates
2017-05-15T07:54:26 Checking update-file '/usr/share/kde4/apps/kconf_update/kioslave.upd' for new updates
2017-05-15T07:54:26 kioslave.upd: Found new update 'kde2.2/r1'
2017-05-15T07:54:26 kioslave.upd: Skipping update 'kde2.2/r1'
2017-05-15T07:54:26 kioslave.upd: File 'kioslaverc' does not exist or empty, skipping
2017-05-15T07:54:26 Checking update-file '/usr/share/kde4/apps/kconf_update/kio_help.upd' for new updates
2017-05-15T07:54:26 Checking update-file '/usr/share/kde4/apps/kconf_update/kded.upd' for new updates
2017-05-15T07:54:26 Checking update-file '/usr/share/kde4/apps/kconf_update/kcookiescfg.upd' for new updates
2017-05-18T19:47:55 Checking update-file '/usr/share/kde4/apps/kconf_update/kio_help.upd' for new updates
2017-05-18T19:47:55 Checking update-file '/usr/share/kde4/apps/kconf_update/kioslave.upd' for new updates
2017-05-18T19:47:55 kioslave.upd: Found new update 'kde2.2/r1'
2017-05-18T19:47:55 kioslave.upd: Skipping update 'kde2.2/r1'
2017-05-18T19:47:55 kioslave.upd: File 'kioslaverc' does not exist or empty, skipping
2017-05-18T19:47:55 Checking update-file '/usr/share/kde4/apps/kconf_update/kcookiescfg.upd' for new updates
2017-05-18T19:47:55 Checking update-file '/usr/share/kde4/apps/kconf_update/kubuntu-fix-kwin-default-size.upd' for new updates
2017-05-18T19:47:55 Checking update-file '/usr/share/kde4/apps/kconf_update/devicepreference.upd' for new updates
2017-05-18T19:47:55 Checking update-file '/usr/share/kde4/apps/kconf_update/kwallet-4.13.upd' for new updates
2017-05-18T19:47:55 Checking update-file '/usr/share/kde4/apps/kconf_update/kded.upd' for new updates
2017-05-18T19:47:55 Checking update-file '/usr/share/kde4/apps/kconf_update/ksslcertificatemanager.upd' for new updates
2017-05-18T19:47:55 Checking update-file '/usr/share/kde4/apps/kconf_update/disable_kmix.upd' for new updates
2017-05-18T19:47:55 Checking update-file '/usr/share/kde4/apps/kconf_update/kuriikwsfilter.upd' for new updates
2017-05-18T19:47:55 Checking update-file '/usr/share/kde4/apps/kconf_update/kate-2.4.upd' for new updates
2017-05-18T19:47:55 Checking update-file '/usr/share/kde4/apps/kconf_update/kubuntu-update-kickoff2.upd' for new updates
2017-05-18T19:47:55 Checking update-file '/usr/share/kde4/apps/kconf_update/drkonqi-rename-config-section.upd' for new updates
2017-05-18T19:47:55 Checking update-file '/usr/share/kde4/apps/kconf_update/kdeui.upd' for new updates
2017-05-18T19:47:55 Checking update-file '/usr/share/kde4/apps/kconf_update/amarok.upd' for new updates
